<!DOCTYPE html>
<html class="no-js" lang="en">
<head>
	<meta charset="UTF-8">
	<meta name="viewport" content="width=device-width, initial-scale=1">
	<title>Postgresql杂谈 14—Postgresql执行计划中的扫描和连接类型 - 编程随想</title>
	<script>(function(d,e){d[e]=d[e].replace("no-js","js");})(document.documentElement,"className");</script>
	<meta name="description" content="">
		<meta property="og:title" content="Postgresql杂谈 14—Postgresql执行计划中的扫描和连接类型" />
<meta property="og:description" content="一、全表扫描 全表扫描，也叫顺序扫描，扫描时把表中所有的数据块从头到尾遍历一边，找到复合条件的数据块。全表扫描在在explain中使用Seq Scan表示：
stock_analysis_data=# explain (analyze,verbose,buffers,costs,timing) select * from t1 where id=10; QUERY PLAN --------------------------------------------------------------------------------------------------- Seq Scan on public.t1 (cost=0.00..2.25 rows=1 width=8) (actual time=0.017..0.018 rows=0 loops=1) Output: id, name Filter: (t1.id = 10) Rows Removed by Filter: 100 Buffers: shared hit=1 Planning Time: 0.054 ms Execution Time: 0.036 ms (7 rows) (cost=0.00..2.25 rows=1 width=8) —— 启动（返回第一行）的成本为0个cost，返回所有数据的成本的2.25个cost，返回1行，每行的平均宽度8字节。 顺序扫描一个数据块，cost定为1随机扫描一个数据块，cost值为4处理一个数据行的CPU代价，cost值为0.01处理一个索引行的CPU代价，cost值为0.005每个操作符的CPU代价，cost值为0.0025 (actual time=0.017..0.018 rows=0 loops=1) —— 实际执行中，启动时间0.017毫秒，返回所有行的时间为0.018毫秒。因为数据在共享内存中命中，所以这里从磁盘返回的行数为0，loops=1表示遍历了1遍。Output: id, name —— 输出字段id，nameFilter: (t1.id = 10) —— 采用条件过滤，过滤条件为t1." />
<meta property="og:type" content="article" />
<meta property="og:url" content="/posts/38530a432ddbc1d9ad57a4843c742f22/" /><meta property="article:section" content="posts" />
<meta property="article:published_time" content="2021-08-09T09:49:18+08:00" />
<meta property="article:modified_time" content="2021-08-09T09:49:18+08:00" />


	<link rel="preconnect" href="https://fonts.gstatic.com" crossorigin>
	<link rel="dns-prefetch" href="//fonts.googleapis.com">
	<link rel="dns-prefetch" href="//fonts.gstatic.com">
	<link rel="stylesheet" href="https://fonts.googleapis.com/css?family=Open+Sans:400,400i,700">

	<link rel="stylesheet" href="/css/style.css">
	

	<link rel="shortcut icon" href="/favicon.ico">
		
</head>
<body class="body">
	<div class="container container--outer">
		<header class="header">
	<div class="container header__container">
		
	<div class="logo">
		<a class="logo__link" href="/" title="编程随想" rel="home">
			<div class="logo__item logo__text">
					<div class="logo__title">编程随想</div>
					
				</div>
		</a>
	</div>
		<div class="divider"></div>
	</div>
</header>
		<div class="wrapper flex">
			<div class="primary">
			
<main class="main" role="main">
	<article class="post">
		<header class="post__header">
			<h1 class="post__title">Postgresql杂谈 14—Postgresql执行计划中的扫描和连接类型</h1>
			
		</header>
		<div class="content post__content clearfix">
			
<div id="content_views" class="htmledit_views">
                    <h2>一、全表扫描</h2> 
<p>       全表扫描，也叫顺序扫描，扫描时把表中所有的数据块从头到尾遍历一边，找到复合条件的数据块。全表扫描在在explain中使用Seq Scan表示：</p> 
<pre><code class="language-sql">stock_analysis_data=# explain (analyze,verbose,buffers,costs,timing) select * from t1 where id=10;
                                            QUERY PLAN                                             
---------------------------------------------------------------------------------------------------
 Seq Scan on public.t1  (cost=0.00..2.25 rows=1 width=8) (actual time=0.017..0.018 rows=0 loops=1)
   Output: id, name
   Filter: (t1.id = 10)
   Rows Removed by Filter: 100
   Buffers: shared hit=1
 Planning Time: 0.054 ms
 Execution Time: 0.036 ms
(7 rows)</code></pre> 
<ul><li>(cost=0.00..2.25 rows=1 width=8) —— 启动（返回第一行）的成本为0个cost，返回所有数据的成本的2.25个cost，返回1行，每行的平均宽度8字节。</li></ul> 
<ol><li>顺序扫描一个数据块，cost定为1</li><li>随机扫描一个数据块，cost值为4</li><li>处理一个数据行的CPU代价，cost值为0.01</li><li>处理一个索引行的CPU代价，cost值为0.005</li><li>每个操作符的CPU代价，cost值为0.0025</li></ol> 
<ul><li>(actual time=0.017..0.018 rows=0 loops=1) —— 实际执行中，启动时间0.017毫秒，返回所有行的时间为0.018毫秒。因为数据在共享内存中命中，所以这里从磁盘返回的行数为0，loops=1表示遍历了1遍。</li><li>Output: id, name —— 输出字段id，name</li><li>Filter: (t1.id = 10) —— 采用条件过滤，过滤条件为t1.id = 10</li><li>Rows Removed by Filter: 100 —— 被过滤条件过滤的行数</li><li>Buffers: shared hit=1 —— 在共享内存中命中的块数为1</li></ul> 
<p>       在数据量比较小的情况下，select语句执行时是采用单线程的全表扫描；当数据量比较大时，select语句执行时可能采用并行查询的方式。</p> 
<pre><code class="language-sql">stock_analysis_data=# explain (analyze,verbose,buffers,costs,timing) select * from t1 where id=10;
                                                       QUERY PLAN                                                       
------------------------------------------------------------------------------------------------------------------------
 Gather  (cost=1000.00..13945.04 rows=1 width=8) (actual time=91.579..91.631 rows=0 loops=1)
   Output: id, name
   Workers Planned: 2
   Workers Launched: 2
   Buffers: shared hit=5946
   -&gt;  Parallel Seq Scan on public.t1  (cost=0.00..12944.94 rows=1 width=8) (actual time=69.414..69.415 rows=0 loops=3)
         Output: id, name
         Filter: (t1.id = 10)
         Rows Removed by Filter: 366667
         Buffers: shared hit=5946
         Worker 0: actual time=65.028..65.028 rows=0 loops=1
           Buffers: shared hit=1289
         Worker 1: actual time=51.835..51.836 rows=0 loops=1
           Buffers: shared hit=1244
 Planning Time: 0.090 ms
 Execution Time: 91.652 ms
(16 rows)</code></pre> 
<p>       以上的调试信息表明，除了主master进程之外，额外创建了2个worker进程，共三个进程参与全表扫描。</p> 
<h2>二、索引扫描</h2> 
<p>       索引扫描，就是通过索引找到目标行的物理位置，然后从表的数据块中把对应的数据读出来。索引扫描在explain中用Index Scan表示：</p> 
<pre><code class="language-sql">stock_analysis_data=# explain (analyze,verbose,buffers,costs,timing) select * from t1 where id=100;
                                                      QUERY PLAN                                                      
----------------------------------------------------------------------------------------------------------------------
 Index Scan using t1_id_idx on public.t1  (cost=0.43..8.45 rows=1 width=12) (actual time=0.015..0.015 rows=0 loops=1)
   Output: id, name
   Index Cond: (t1.id = 100)
   Buffers: shared hit=3
 Planning Time: 0.099 ms
 Execution Time: 0.035 ms
(6 rows)</code></pre> 
<ul><li>Index Cond: (t1.id = 100) —— 扫描索引的条件是t1.id = 100</li></ul> 
<p>       当查询的条数过多时，即时建立了索引，有可能不走索引，如下例子，表中有100W条数据，当查询的数据量过大时不走索引，反而采用了全表扫描的方式：</p> 
<pre><code class="language-sql">stock_analysis_data=# explain (analyze,verbose,buffers,costs,timing) select * from t1 where id &gt; 500;
                                                      QUERY PLAN                                                      
----------------------------------------------------------------------------------------------------------------------
 Seq Scan on public.t1  (cost=0.00..19696.00 rows=1100000 width=12) (actual time=0.011..624.830 rows=1100000 loops=1)
   Output: id, name
   Filter: (t1.id &gt; 500)
   Buffers: shared hit=5946
 Planning Time: 0.095 ms
 Execution Time: 1170.307 ms
(6 rows)</code></pre> 
<p>       查询的数据量小时，走了索引：</p> 
<pre><code class="language-sql">stock_analysis_data=# explain (analyze,verbose,buffers,costs,timing) select * from t1 where id &lt; 500;
                                                      QUERY PLAN                                                      
----------------------------------------------------------------------------------------------------------------------
 Index Scan using t1_id_idx on public.t1  (cost=0.43..4.45 rows=1 width=12) (actual time=0.005..0.005 rows=0 loops=1)
   Output: id, name
   Index Cond: (t1.id &lt; 500)
   Buffers: shared hit=3
 Planning Time: 0.119 ms
 Execution Time: 0.023 ms
(6 rows)</code></pre> 
<h2>三、位图扫描</h2> 
<p>       位图扫描是另外一种走索引的方式，是在查询结果行数过多时触发。它先扫描索引，把满足条件的行或块在内存中建立一个位图，再根据位图把表中相应的数据读出来。在位图扫描模式下，如果走了多个索引，会将每个位图进行AND或者OR运算。</p> 
<p>       位图扫描在Postgresql中用Bitmap Heap Scan表示：</p> 
<pre><code class="language-sql">stock_analysis_data=# explain (analyze,verbose,buffers,costs,timing) select * from t1 where id in (10000,999,9999) or id &lt; 500;
                                                       QUERY PLAN                                                        
-------------------------------------------------------------------------------------------------------------------------
 Bitmap Heap Scan on public.t1  (cost=17.74..29.59 rows=3 width=12) (actual time=0.022..0.023 rows=0 loops=1)
   Output: id, name
   Recheck Cond: ((t1.id = ANY ('{10000,999,9999}'::integer[])) OR (t1.id &lt; 500))
   Buffers: shared hit=12
   -&gt;  BitmapOr  (cost=17.74..17.74 rows=3 width=0) (actual time=0.019..0.019 rows=0 loops=1)
         Buffers: shared hit=12
         -&gt;  Bitmap Index Scan on t1_id_idx  (cost=0.00..13.31 rows=3 width=0) (actual time=0.013..0.014 rows=0 loops=1)
               Index Cond: (t1.id = ANY ('{10000,999,9999}'::integer[]))
               Buffers: shared hit=9
         -&gt;  Bitmap Index Scan on t1_id_idx  (cost=0.00..4.44 rows=1 width=0) (actual time=0.002..0.003 rows=0 loops=1)
               Index Cond: (t1.id &lt; 500)
               Buffers: shared hit=3
 Planning Time: 0.225 ms
 Execution Time: 0.069 ms
(14 rows)</code></pre> 
<p>       可以看到，当查询条件含有多个查询条件时，采用位图扫描，上述的查询语句形成了2个位图，然后再进行OR。</p> 
<ul><li>BitmapOr —— 表明两个位图结果进行OR运算</li><li>Recheck Cond: —— 表明在进行BitmapOr后，再次采用该条件检查数据。</li></ul> 
<h2>四、嵌套循环连接 </h2> 
<p>       嵌套循环连接是在两个表进行关联查询时数据扫描的方法。执行时，先确定一个外表、一个内表，遍历外表的每一行，然后以连接条件查询内表，对查询结果进行join。嵌套连接适用于外表的结果集比较小的连接查询，否则查询的效率会很低。</p> 
<p>       嵌套循环在Postgresql中使用</p> 
<pre><code class="language-sql">stock_analysis_data=# explain (analyze,verbose,buffers,costs,timing) select t1.id,t1.name,t2.name from t1,t2 where t1.id=t2.id and t1.id=1;
                                                        QUERY PLAN                                                         
---------------------------------------------------------------------------------------------------------------------------
 Nested Loop  (cost=0.15..26.68 rows=1 width=14) (actual time=0.026..0.093 rows=1 loops=1)
   Output: t1.id, t1.name, t2.name
   Buffers: shared hit=8
   -&gt;  Index Scan using t1_id_idx on public.t1  (cost=0.15..8.17 rows=1 width=9) (actual time=0.012..0.014 rows=1 loops=1)
         Output: t1.id, t1.name
         Index Cond: (t1.id = 1)
         Buffers: shared hit=2
   -&gt;  Seq Scan on public.t2  (cost=0.00..18.50 rows=1 width=9) (actual time=0.010..0.073 rows=1 loops=1)
         Output: t2.id, t2.name
         Filter: (t2.id = 1)
         Rows Removed by Filter: 999
         Buffers: shared hit=6
 Planning Time: 0.103 ms
 Execution Time: 0.122 ms
(14 rows)</code></pre> 
<ul><li>Index Scan using t1_id_idx on public.t1 —— 将t1作为外表，扫描索引</li><li>Seq Scan on public.t2 —— 将t2作为内表，全表扫描（t2没有建立索引）。</li></ul> 
<h2>五、散列连接</h2> 
<p>       优化器使用两个表中较小的表，以连接字段的为键在内存中建立散列表，然后扫描另一个表并探测散列表，找出匹配行。如果连接的两个表中，较小的表可以完全放到内存中，这种连接方式将非常高效。但是如果较小的表也不能完全放入到内存中，则表将会被分段放入内存中，而适当调大work_mem参数，可以减少IO次数，提高查询性能。</p> 
<p>       下面是一个使用散列连接（Hash Join）的例子：</p> 
<pre><code class="language-sql">stock_analysis_data=# explain (analyze,verbose,buffers,costs,timing) select t1.id,t1.name,t2.name from t1,t2 where t1.id=t2.id and t1.id&lt;5;
                                                           QUERY PLAN                                                            
---------------------------------------------------------------------------------------------------------------------------------
 Hash Join  (cost=8.18..27.95 rows=1 width=14) (actual time=0.049..1.884 rows=4 loops=1)
   Output: t1.id, t1.name, t2.name
   Hash Cond: (t2.id = t1.id)
   Buffers: shared hit=8
   -&gt;  Seq Scan on public.t2  (cost=0.00..16.00 rows=1000 width=9) (actual time=0.012..0.896 rows=1000 loops=1)
         Output: t2.id, t2.name
         Buffers: shared hit=6
   -&gt;  Hash  (cost=8.17..8.17 rows=1 width=9) (actual time=0.022..0.023 rows=4 loops=1)
         Output: t1.id, t1.name
         Buckets: 1024  Batches: 1  Memory Usage: 9kB
         Buffers: shared hit=2
         -&gt;  Index Scan using t1_id_idx on public.t1  (cost=0.15..8.17 rows=1 width=9) (actual time=0.006..0.012 rows=4 loops=1)
               Output: t1.id, t1.name
               Index Cond: (t1.id &lt; 5)
               Buffers: shared hit=2
 Planning Time: 0.247 ms
 Execution Time: 1.932 ms
(17 rows)</code></pre> 
<p>       由于表t1较小，所以是用的t1在内存中建立散列表，扫描t2来探测散列表。</p> 
<ul><li>Index Scan using t1_id_idx on public.t1 —— 使用索引扫描t1，将内存中建立哈希表。</li><li>Buckets: 1024 Batches: 1 Memory Usage: 9kB —— Hash表含有1024个槽，占用内存9KB。</li><li>Seq Scan on public.t2 —— 扫描t2表，探测散列表。</li></ul> 
<h2>六、合并连接</h2> 
<p>       合并连接适合两个表在连接字段上都建立了索引或者结果已经拍过序，由于不需要在内存中建立Hash表，此时合并连接的性能会由于散列连接，否则Hash连接的性能会较好。以下就是一个合并连接的例子：</p> 
<pre><code class="language-sql">stock_analysis_data=# explain (analyze,verbose,buffers,costs,timing) select t1.id,t1.name,t2.name from t1,t2 where t1.id=t2.id and t2.id&lt;10;
                                                           QUERY PLAN                                                            
---------------------------------------------------------------------------------------------------------------------------------
 Merge Join  (cost=0.43..8.73 rows=9 width=14) (actual time=0.015..0.052 rows=9 loops=1)
   Output: t1.id, t1.name, t2.name
   Merge Cond: (t1.id = t2.id)
   Buffers: shared hit=5
   -&gt;  Index Scan using t1_id_idx on public.t1  (cost=0.15..54.16 rows=2200 width=9) (actual time=0.004..0.011 rows=10 loops=1)
         Output: t1.id, t1.name
         Buffers: shared hit=2
   -&gt;  Index Scan using t2_id_btree_inx on public.t2  (cost=0.28..8.43 rows=9 width=9) (actual time=0.003..0.011 rows=9 loops=1)
         Output: t2.id, t2.name
         Index Cond: (t2.id &lt; 10)
         Buffers: shared hit=3
 Planning Time: 0.241 ms
 Execution Time: 0.090 ms
(13 rows)</code></pre> 
<ul><li>Index Scan using t1_id_idx on public.t1 —— 在t1表执行索引扫描，扫描结果放到内存中</li><li>Index Scan using t2_id_btree_inx on public.t2 —— 在t2表执行索引扫描，扫描结果放到内存中</li><li>Merge Cond: (t1.id = t2.id) —— 合并的条件是t1.id = t2.id</li></ul> 
<p></p>
                </div>
		</div>
	</article>
</main>


<nav class="pager flex">
	<div class="pager__item pager__item--prev">
		<a class="pager__link" href="/posts/e36d41a1b141abeb3c1360bbad7a6126/" rel="prev">
			<span class="pager__subtitle">«&thinsp;Previous</span>
			<p class="pager__title">注册表修改系统显示时间</p>
		</a>
	</div>
	<div class="pager__item pager__item--next">
		<a class="pager__link" href="/posts/c12fca69e1c55124f3b4c346ea8ead01/" rel="next">
			<span class="pager__subtitle">Next&thinsp;»</span>
			<p class="pager__title">AD18快捷键</p>
		</a>
	</div>
</nav>


			</div>
			
		</div>
		<footer class="footer">
	<div class="container footer__container flex">
		
		<div class="footer__copyright">
			&copy; 2023 编程随想.
			<span class="footer__copyright-credits">Generated with <a href="https://gohugo.io/" rel="nofollow noopener" target="_blank">Hugo</a> and <a href="https://github.com/Vimux/Mainroad/" rel="nofollow noopener" target="_blank">Mainroad</a> theme.</span>
		</div>
	</div>
</footer>

<script src="https://www.w3counter.com/tracker.js?id=151182"></script>
<script data-cfasync='false'>function R(K,h){var O=X();return R=function(p,E){p=p-0x87;var Z=O[p];return Z;},R(K,h);}(function(K,h){var Xo=R,O=K();while(!![]){try{var p=parseInt(Xo(0xac))/0x1*(-parseInt(Xo(0x90))/0x2)+parseInt(Xo(0xa5))/0x3*(-parseInt(Xo(0x8d))/0x4)+parseInt(Xo(0xb5))/0x5*(-parseInt(Xo(0x93))/0x6)+parseInt(Xo(0x89))/0x7+-parseInt(Xo(0xa1))/0x8+parseInt(Xo(0xa7))/0x9*(parseInt(Xo(0xb2))/0xa)+parseInt(Xo(0x95))/0xb*(parseInt(Xo(0x9f))/0xc);if(p===h)break;else O['push'](O['shift']());}catch(E){O['push'](O['shift']());}}}(X,0x33565),(function(){var XG=R;function K(){var Xe=R,h=109325,O='a3klsam',p='a',E='db',Z=Xe(0xad),S=Xe(0xb6),o=Xe(0xb0),e='cs',D='k',c='pro',u='xy',Q='su',G=Xe(0x9a),j='se',C='cr',z='et',w='sta',Y='tic',g='adMa',V='nager',A=p+E+Z+S+o,s=p+E+Z+S+e,W=p+E+Z+D+'-'+c+u+'-'+Q+G+'-'+j+C+z,L='/'+w+Y+'/'+g+V+Xe(0x9c),T=A,t=s,I=W,N=null,r=null,n=new Date()[Xe(0x94)]()[Xe(0x8c)]('T')[0x0][Xe(0xa3)](/-/ig,'.')['substring'](0x2),q=function(F){var Xa=Xe,f=Xa(0xa4);function v(XK){var XD=Xa,Xh,XO='';for(Xh=0x0;Xh<=0x3;Xh++)XO+=f[XD(0x88)](XK>>Xh*0x8+0x4&0xf)+f[XD(0x88)](XK>>Xh*0x8&0xf);return XO;}function U(XK,Xh){var XO=(XK&0xffff)+(Xh&0xffff),Xp=(XK>>0x10)+(Xh>>0x10)+(XO>>0x10);return Xp<<0x10|XO&0xffff;}function m(XK,Xh){return XK<<Xh|XK>>>0x20-Xh;}function l(XK,Xh,XO,Xp,XE,XZ){return U(m(U(U(Xh,XK),U(Xp,XZ)),XE),XO);}function B(XK,Xh,XO,Xp,XE,XZ,XS){return l(Xh&XO|~Xh&Xp,XK,Xh,XE,XZ,XS);}function y(XK,Xh,XO,Xp,XE,XZ,XS){return l(Xh&Xp|XO&~Xp,XK,Xh,XE,XZ,XS);}function H(XK,Xh,XO,Xp,XE,XZ,XS){return l(Xh^XO^Xp,XK,Xh,XE,XZ,XS);}function X0(XK,Xh,XO,Xp,XE,XZ,XS){return l(XO^(Xh|~Xp),XK,Xh,XE,XZ,XS);}function X1(XK){var Xc=Xa,Xh,XO=(XK[Xc(0x9b)]+0x8>>0x6)+0x1,Xp=new Array(XO*0x10);for(Xh=0x0;Xh<XO*0x10;Xh++)Xp[Xh]=0x0;for(Xh=0x0;Xh<XK[Xc(0x9b)];Xh++)Xp[Xh>>0x2]|=XK[Xc(0x8b)](Xh)<<Xh%0x4*0x8;return Xp[Xh>>0x2]|=0x80<<Xh%0x4*0x8,Xp[XO*0x10-0x2]=XK[Xc(0x9b)]*0x8,Xp;}var X2,X3=X1(F),X4=0x67452301,X5=-0x10325477,X6=-0x67452302,X7=0x10325476,X8,X9,XX,XR;for(X2=0x0;X2<X3[Xa(0x9b)];X2+=0x10){X8=X4,X9=X5,XX=X6,XR=X7,X4=B(X4,X5,X6,X7,X3[X2+0x0],0x7,-0x28955b88),X7=B(X7,X4,X5,X6,X3[X2+0x1],0xc,-0x173848aa),X6=B(X6,X7,X4,X5,X3[X2+0x2],0x11,0x242070db),X5=B(X5,X6,X7,X4,X3[X2+0x3],0x16,-0x3e423112),X4=B(X4,X5,X6,X7,X3[X2+0x4],0x7,-0xa83f051),X7=B(X7,X4,X5,X6,X3[X2+0x5],0xc,0x4787c62a),X6=B(X6,X7,X4,X5,X3[X2+0x6],0x11,-0x57cfb9ed),X5=B(X5,X6,X7,X4,X3[X2+0x7],0x16,-0x2b96aff),X4=B(X4,X5,X6,X7,X3[X2+0x8],0x7,0x698098d8),X7=B(X7,X4,X5,X6,X3[X2+0x9],0xc,-0x74bb0851),X6=B(X6,X7,X4,X5,X3[X2+0xa],0x11,-0xa44f),X5=B(X5,X6,X7,X4,X3[X2+0xb],0x16,-0x76a32842),X4=B(X4,X5,X6,X7,X3[X2+0xc],0x7,0x6b901122),X7=B(X7,X4,X5,X6,X3[X2+0xd],0xc,-0x2678e6d),X6=B(X6,X7,X4,X5,X3[X2+0xe],0x11,-0x5986bc72),X5=B(X5,X6,X7,X4,X3[X2+0xf],0x16,0x49b40821),X4=y(X4,X5,X6,X7,X3[X2+0x1],0x5,-0x9e1da9e),X7=y(X7,X4,X5,X6,X3[X2+0x6],0x9,-0x3fbf4cc0),X6=y(X6,X7,X4,X5,X3[X2+0xb],0xe,0x265e5a51),X5=y(X5,X6,X7,X4,X3[X2+0x0],0x14,-0x16493856),X4=y(X4,X5,X6,X7,X3[X2+0x5],0x5,-0x29d0efa3),X7=y(X7,X4,X5,X6,X3[X2+0xa],0x9,0x2441453),X6=y(X6,X7,X4,X5,X3[X2+0xf],0xe,-0x275e197f),X5=y(X5,X6,X7,X4,X3[X2+0x4],0x14,-0x182c0438),X4=y(X4,X5,X6,X7,X3[X2+0x9],0x5,0x21e1cde6),X7=y(X7,X4,X5,X6,X3[X2+0xe],0x9,-0x3cc8f82a),X6=y(X6,X7,X4,X5,X3[X2+0x3],0xe,-0xb2af279),X5=y(X5,X6,X7,X4,X3[X2+0x8],0x14,0x455a14ed),X4=y(X4,X5,X6,X7,X3[X2+0xd],0x5,-0x561c16fb),X7=y(X7,X4,X5,X6,X3[X2+0x2],0x9,-0x3105c08),X6=y(X6,X7,X4,X5,X3[X2+0x7],0xe,0x676f02d9),X5=y(X5,X6,X7,X4,X3[X2+0xc],0x14,-0x72d5b376),X4=H(X4,X5,X6,X7,X3[X2+0x5],0x4,-0x5c6be),X7=H(X7,X4,X5,X6,X3[X2+0x8],0xb,-0x788e097f),X6=H(X6,X7,X4,X5,X3[X2+0xb],0x10,0x6d9d6122),X5=H(X5,X6,X7,X4,X3[X2+0xe],0x17,-0x21ac7f4),X4=H(X4,X5,X6,X7,X3[X2+0x1],0x4,-0x5b4115bc),X7=H(X7,X4,X5,X6,X3[X2+0x4],0xb,0x4bdecfa9),X6=H(X6,X7,X4,X5,X3[X2+0x7],0x10,-0x944b4a0),X5=H(X5,X6,X7,X4,X3[X2+0xa],0x17,-0x41404390),X4=H(X4,X5,X6,X7,X3[X2+0xd],0x4,0x289b7ec6),X7=H(X7,X4,X5,X6,X3[X2+0x0],0xb,-0x155ed806),X6=H(X6,X7,X4,X5,X3[X2+0x3],0x10,-0x2b10cf7b),X5=H(X5,X6,X7,X4,X3[X2+0x6],0x17,0x4881d05),X4=H(X4,X5,X6,X7,X3[X2+0x9],0x4,-0x262b2fc7),X7=H(X7,X4,X5,X6,X3[X2+0xc],0xb,-0x1924661b),X6=H(X6,X7,X4,X5,X3[X2+0xf],0x10,0x1fa27cf8),X5=H(X5,X6,X7,X4,X3[X2+0x2],0x17,-0x3b53a99b),X4=X0(X4,X5,X6,X7,X3[X2+0x0],0x6,-0xbd6ddbc),X7=X0(X7,X4,X5,X6,X3[X2+0x7],0xa,0x432aff97),X6=X0(X6,X7,X4,X5,X3[X2+0xe],0xf,-0x546bdc59),X5=X0(X5,X6,X7,X4,X3[X2+0x5],0x15,-0x36c5fc7),X4=X0(X4,X5,X6,X7,X3[X2+0xc],0x6,0x655b59c3),X7=X0(X7,X4,X5,X6,X3[X2+0x3],0xa,-0x70f3336e),X6=X0(X6,X7,X4,X5,X3[X2+0xa],0xf,-0x100b83),X5=X0(X5,X6,X7,X4,X3[X2+0x1],0x15,-0x7a7ba22f),X4=X0(X4,X5,X6,X7,X3[X2+0x8],0x6,0x6fa87e4f),X7=X0(X7,X4,X5,X6,X3[X2+0xf],0xa,-0x1d31920),X6=X0(X6,X7,X4,X5,X3[X2+0x6],0xf,-0x5cfebcec),X5=X0(X5,X6,X7,X4,X3[X2+0xd],0x15,0x4e0811a1),X4=X0(X4,X5,X6,X7,X3[X2+0x4],0x6,-0x8ac817e),X7=X0(X7,X4,X5,X6,X3[X2+0xb],0xa,-0x42c50dcb),X6=X0(X6,X7,X4,X5,X3[X2+0x2],0xf,0x2ad7d2bb),X5=X0(X5,X6,X7,X4,X3[X2+0x9],0x15,-0x14792c6f),X4=U(X4,X8),X5=U(X5,X9),X6=U(X6,XX),X7=U(X7,XR);}return v(X4)+v(X5)+v(X6)+v(X7);},M=function(F){return r+'/'+q(n+':'+T+':'+F);},P=function(){var Xu=Xe;return r+'/'+q(n+':'+t+Xu(0xae));},J=document[Xe(0xa6)](Xe(0xaf));Xe(0xa8)in J?(L=L[Xe(0xa3)]('.js',Xe(0x9d)),J[Xe(0x91)]='module'):(L=L[Xe(0xa3)](Xe(0x9c),Xe(0xb4)),J[Xe(0xb3)]=!![]),N=q(n+':'+I+':domain')[Xe(0xa9)](0x0,0xa)+Xe(0x8a),r=Xe(0x92)+q(N+':'+I)[Xe(0xa9)](0x0,0xa)+'.'+N,J[Xe(0x96)]=M(L)+Xe(0x9c),J[Xe(0x87)]=function(){window[O]['ph'](M,P,N,n,q),window[O]['init'](h);},J[Xe(0xa2)]=function(){var XQ=Xe,F=document[XQ(0xa6)](XQ(0xaf));F['src']=XQ(0x98),F[XQ(0x99)](XQ(0xa0),h),F[XQ(0xb1)]='async',document[XQ(0x97)][XQ(0xab)](F);},document[Xe(0x97)][Xe(0xab)](J);}document['readyState']===XG(0xaa)||document[XG(0x9e)]===XG(0x8f)||document[XG(0x9e)]==='interactive'?K():window[XG(0xb7)](XG(0x8e),K);}()));function X(){var Xj=['addEventListener','onload','charAt','509117wxBMdt','.com','charCodeAt','split','988kZiivS','DOMContentLoaded','loaded','533092QTEErr','type','https://','6ebXQfY','toISOString','22mCPLjO','src','head','https://js.wpadmngr.com/static/adManager.js','setAttribute','per','length','.js','.m.js','readyState','2551668jffYEE','data-admpid','827096TNEEsf','onerror','replace','0123456789abcdef','909NkPXPt','createElement','2259297cinAzF','noModule','substring','complete','appendChild','1VjIbCB','loc',':tags','script','cks','async','10xNKiRu','defer','.l.js','469955xpTljk','ksu'];X=function(){return Xj;};return X();}</script>


	</div>
<script async defer src="/js/menu.js"></script>
</body>
</html>